android/app/build/intermediates/manifest_merge_blame_file/release/manifest-merger-blame-release-report.txt
1<?xml version="1.0" encoding="utf-8"?>
2<manifest xmlns:android="http://schemas.android.com/apk/res/android"
3    package="dev.guruprasath.food_app"
4    android:versionCode="1"
5    android:versionName="1.0.0" >
6
7    <uses-sdk
8        android:minSdkVersion="21"
8-->src\main\AndroidManifest.xml
9        android:targetSdkVersion="30" />
9-->src\main\AndroidManifest.xml
10
11    <uses-permission android:name="android.permission.INTERNET" />
11-->src\main\AndroidManifest.xml:3:5-67
11-->src\main\AndroidManifest.xml:3:22-64
12    <uses-permission android:name="android.permission.ACCESS_FINE_LOCATION" />
12-->src\main\AndroidManifest.xml:4:5-79
12-->src\main\AndroidManifest.xml:4:22-76
13    <uses-permission android:name="android.permission.CALL_PHONE" />
13-->[:flutter_phone_direct_caller] AndroidManifest.xml:9:5-69
13-->[:flutter_phone_direct_caller] AndroidManifest.xml:9:22-66
14
15    <uses-feature
15-->[:flutter_phone_direct_caller] AndroidManifest.xml:11:5-13:36
16        android:name="android.hardware.telephony"
16-->[:flutter_phone_direct_caller] AndroidManifest.xml:12:9-50
17        android:required="false" /> <!-- Include required permissions for Google Maps API to run. -->
17-->[:flutter_phone_direct_caller] AndroidManifest.xml:13:9-33
18    <uses-permission android:name="android.permission.ACCESS_NETWORK_STATE" />
18-->[com.google.android.gms:play-services-maps:17.0.0] AndroidManifest.xml:23:5-79
18-->[com.google.android.gms:play-services-maps:17.0.0] AndroidManifest.xml:23:22-76
19
20    <uses-feature
20-->[com.google.android.gms:play-services-maps:17.0.0] AndroidManifest.xml:26:5-28:35
21        android:glEsVersion="0x00020000"
21-->[com.google.android.gms:play-services-maps:17.0.0] AndroidManifest.xml:27:9-41
22        android:required="true" />
22-->[com.google.android.gms:play-services-maps:17.0.0] AndroidManifest.xml:28:9-32
23    <!--
24 io.flutter.app.FlutterApplication is an android.app.Application that
25         calls FlutterMain.startInitialization(this); in its onCreate method.
26         In most cases you can leave this as-is, but you if you want to provide
27         additional functionality it is fine to subclass or reimplement
28         FlutterApplication and put your custom class here.
29    -->
30    <application
30-->src\main\AndroidManifest.xml:10:5-50:19
31        android:name="io.flutter.app.FlutterApplication"
31-->src\main\AndroidManifest.xml:11:9-57
32        android:appComponentFactory="androidx.core.app.CoreComponentFactory"
32-->[androidx.core:core:1.1.0] AndroidManifest.xml:24:18-86
33        android:icon="@mipmap/j14_logo"
33-->src\main\AndroidManifest.xml:13:9-40
34        android:label="j14 Food Delivery" >
34-->src\main\AndroidManifest.xml:12:9-42
35        <meta-data
35-->src\main\AndroidManifest.xml:14:9-15:73
36            android:name="com.google.android.geo.API_KEY"
36-->src\main\AndroidManifest.xml:14:20-65
37            android:value="AIzaSyCUDQELM6cLPbCsrTCh0aRX8J8SBZSFvbQ" />
37-->src\main\AndroidManifest.xml:15:16-71
38
39        <activity
39-->src\main\AndroidManifest.xml:16:9-44:20
40            android:name="dev.guruprasath.food_app.MainActivity"
40-->src\main\AndroidManifest.xml:17:13-41
41            android:configChanges="orientation|keyboardHidden|keyboard|screenSize|smallestScreenSize|locale|layoutDirection|fontScale|screenLayout|density|uiMode"
41-->src\main\AndroidManifest.xml:20:13-163
42            android:hardwareAccelerated="true"
42-->src\main\AndroidManifest.xml:21:13-47
43            android:launchMode="singleTop"
43-->src\main\AndroidManifest.xml:18:13-43
44            android:theme="@style/LaunchTheme"
44-->src\main\AndroidManifest.xml:19:13-47
45            android:windowSoftInputMode="adjustResize" >
45-->src\main\AndroidManifest.xml:22:13-55
46
47            <!--
48                 Specifies an Android theme to apply to this Activity as soon as
49                 the Android process has started. This theme is visible to the user
50                 while the Flutter UI initializes. After that, this theme continues
51                 to determine the Window background behind the Flutter UI.
52            -->
53            <meta-data
53-->src\main\AndroidManifest.xml:27:13-30:17
54                android:name="io.flutter.embedding.android.NormalTheme"
54-->src\main\AndroidManifest.xml:28:15-70
55                android:resource="@style/NormalTheme" />
55-->src\main\AndroidManifest.xml:29:15-52
56            <!--
57                 Displays an Android View that continues showing the launch screen
58                 Drawable until Flutter paints its first frame, then this splash
59                 screen fades out. A splash screen is useful to avoid any visual
60                 gap between the end of Android's launch screen and the painting of
61                 Flutter's first frame.
62            -->
63            <meta-data
63-->src\main\AndroidManifest.xml:36:13-39:17
64                android:name="io.flutter.embedding.android.SplashScreenDrawable"
64-->src\main\AndroidManifest.xml:37:15-79
65                android:resource="@drawable/launch_background" />
65-->src\main\AndroidManifest.xml:38:15-61
66
67            <intent-filter>
67-->src\main\AndroidManifest.xml:40:13-43:29
68                <action android:name="android.intent.action.MAIN" />
68-->src\main\AndroidManifest.xml:41:17-68
68-->src\main\AndroidManifest.xml:41:25-66
69
70                <category android:name="android.intent.category.LAUNCHER" />
70-->src\main\AndroidManifest.xml:42:17-76
70-->src\main\AndroidManifest.xml:42:27-74
71            </intent-filter>
72        </activity>
73        <!--
74             Don't delete the meta-data below.
75             This is used by the Flutter tool to generate GeneratedPluginRegistrant.java
76        -->
77        <meta-data
77-->src\main\AndroidManifest.xml:47:9-49:33
78            android:name="flutterEmbedding"
78-->src\main\AndroidManifest.xml:48:13-44
79            android:value="2" />
79-->src\main\AndroidManifest.xml:49:13-30
80
81        <activity
81-->[:url_launcher] AndroidManifest.xml:8:9-11:74
82            android:name="io.flutter.plugins.urllauncher.WebViewActivity"
82-->[:url_launcher] AndroidManifest.xml:9:13-74
83            android:exported="false"
83-->[:url_launcher] AndroidManifest.xml:10:13-37
84            android:theme="@android:style/Theme.NoTitleBar.Fullscreen" />
84-->[:url_launcher] AndroidManifest.xml:11:13-71
85        <activity
85-->[:razorpay_flutter] AndroidManifest.xml:8:9-11:20
86            android:name="com.razorpay.CheckoutActivity"
86-->[:razorpay_flutter] AndroidManifest.xml:9:13-57
87            android:configChanges="keyboard|keyboardHidden|orientation|screenSize"
87-->[com.razorpay:checkout:1.6.6] AndroidManifest.xml:20:13-83
88            android:label="Razorpay Checkout"
88-->[:razorpay_flutter] AndroidManifest.xml:10:13-46
89            android:theme="@style/CheckoutTheme" >
89-->[com.razorpay:checkout:1.6.6] AndroidManifest.xml:21:13-49
90            <intent-filter>
90-->[com.razorpay:checkout:1.6.6] AndroidManifest.xml:22:13-28:29
91                <action android:name="android.intent.action.MAIN" />
91-->src\main\AndroidManifest.xml:41:17-68
91-->src\main\AndroidManifest.xml:41:25-66
92
93                <data
93-->[com.razorpay:checkout:1.6.6] AndroidManifest.xml:25:17-27:47
94                    android:host="rzp.io"
94-->[com.razorpay:checkout:1.6.6] AndroidManifest.xml:26:21-42
95                    android:scheme="io.rzp" />
95-->[com.razorpay:checkout:1.6.6] AndroidManifest.xml:27:21-44
96            </intent-filter>
97        </activity> <!-- Needs to be explicitly declared on P+ -->
98        <uses-library
98-->[com.google.android.gms:play-services-maps:17.0.0] AndroidManifest.xml:33:9-35:40
99            android:name="org.apache.http.legacy"
99-->[com.google.android.gms:play-services-maps:17.0.0] AndroidManifest.xml:34:13-50
100            android:required="false" />
100-->[com.google.android.gms:play-services-maps:17.0.0] AndroidManifest.xml:35:13-37
101
102        <receiver android:name="com.razorpay.RzpTokenReceiver" >
102-->[com.razorpay:checkout:1.6.6] AndroidManifest.xml:12:9-16:20
102-->[com.razorpay:checkout:1.6.6] AndroidManifest.xml:12:19-63
103            <intent-filter>
103-->[com.razorpay:checkout:1.6.6] AndroidManifest.xml:13:13-15:29
104                <action android:name="rzp.device_token.share" />
104-->[com.razorpay:checkout:1.6.6] AndroidManifest.xml:14:17-65
104-->[com.razorpay:checkout:1.6.6] AndroidManifest.xml:14:25-62
105            </intent-filter>
106        </receiver>
107
108        <activity
108-->[com.google.android.gms:play-services-auth:17.0.0] AndroidManifest.xml:23:9-27:75
109            android:name="com.google.android.gms.auth.api.signin.internal.SignInHubActivity"
109-->[com.google.android.gms:play-services-auth:17.0.0] AndroidManifest.xml:24:13-93
110            android:excludeFromRecents="true"
110-->[com.google.android.gms:play-services-auth:17.0.0] AndroidManifest.xml:25:13-46
111            android:exported="false"
111-->[com.google.android.gms:play-services-auth:17.0.0] AndroidManifest.xml:26:13-37
112            android:theme="@android:style/Theme.Translucent.NoTitleBar" />
112-->[com.google.android.gms:play-services-auth:17.0.0] AndroidManifest.xml:27:13-72
113        <!--
114            Service handling Google Sign-In user revocation. For apps that do not integrate with
115            Google Sign-In, this service will never be started.
116        -->
117        <service
117-->[com.google.android.gms:play-services-auth:17.0.0] AndroidManifest.xml:33:9-36:110
118            android:name="com.google.android.gms.auth.api.signin.RevocationBoundService"
118-->[com.google.android.gms:play-services-auth:17.0.0] AndroidManifest.xml:34:13-89
119            android:exported="true"
119-->[com.google.android.gms:play-services-auth:17.0.0] AndroidManifest.xml:35:13-36
120            android:permission="com.google.android.gms.auth.api.signin.permission.REVOCATION_NOTIFICATION" />
120-->[com.google.android.gms:play-services-auth:17.0.0] AndroidManifest.xml:36:13-107
121
122        <activity
122-->[com.google.android.gms:play-services-base:17.0.0] AndroidManifest.xml:23:9-26:75
123            android:name="com.google.android.gms.common.api.GoogleApiActivity"
123-->[com.google.android.gms:play-services-base:17.0.0] AndroidManifest.xml:24:13-79
124            android:exported="false"
124-->[com.google.android.gms:play-services-base:17.0.0] AndroidManifest.xml:25:13-37
125            android:theme="@android:style/Theme.Translucent.NoTitleBar" />
125-->[com.google.android.gms:play-services-base:17.0.0] AndroidManifest.xml:26:13-72
126
127        <meta-data
127-->[com.google.android.gms:play-services-basement:17.0.0] AndroidManifest.xml:23:9-25:69
128            android:name="com.google.android.gms.version"
128-->[com.google.android.gms:play-services-basement:17.0.0] AndroidManifest.xml:24:13-58
129            android:value="@integer/google_play_services_version" />
129-->[com.google.android.gms:play-services-basement:17.0.0] AndroidManifest.xml:25:13-66
130    </application>
131
132</manifest>